<?xml version="1.0" encoding="UTF-8"?>
<!-- Generated by org.testng.reporters.JUnitXMLReporter -->
<testsuite ignored="0" hostname="DESKTOP-LIMR78O" failures="1" tests="13" name=" UI Test" time="13.912" errors="0" timestamp="2022-08-22T19:15:06 IST">
  <testcase classname="agileTech.testNgFramework.SampleClass" name="alogin" time="0.017"/>
  <testcase classname="agileTech.testNgFramework.SampleTestClass" name="method2" time="0.006"/>
  <testcase classname="agileTech.testNgFramework.AssertionInTestNG" name="verifyPage" time="13.577">
    <failure type="java.lang.AssertionError" message="The following asserts failed:
	Title Is Not Matching expected [ToolsQA] but found [ToolsQAA]">
      <![CDATA[java.lang.AssertionError: The following asserts failed:
Title Is Not Matching expected [ToolsQA] but found [ToolsQAA]
at agileTech.testNgFramework.AssertionInTestNG.verifyPage(AssertionInTestNG.java:28)
at java.base/java.util.ArrayList.forEach(ArrayList.java:1511)
... Removed 27 stack frames]]>
    </failure>
  </testcase> <!-- verifyPage -->
  <testcase classname="agileTech.testNgFramework.SampleClass11" name="login" time="0.003"/>
  <testcase classname="agileTech.testNgFramework.SampleClass11" name="signup" time="0.006"/>
  <testcase classname="agileTech.testNgFramework.Skipp" name="method1" time="0.006"/>
  <testcase classname="agileTech.testNgFramework.Skipp" name="method2" time="0.018"/>
  <testcase classname="agileTech.testNgFramework.Skipp" name="method3" time="0.017"/>
  <testcase classname="agileTech.testNgFramework.Skipp" name="method4" time="0.009"/>
  <testcase classname="agileTech.testNgFramework.Skipp" name="method5" time="0.005"/>
  <testcase classname="agileTech.testNgFramework.Skipp" name="method6" time="0.008"/>
  <testcase classname="agileTech.testNgFramework.Dependency" name="login" time="0.004"/>
  <testcase classname="agileTech.testNgFramework.Dependency" name="InboxCheck" time="0.002"/>
</testsuite> <!--  UI Test -->
